\BOOKMARK [1][-]{section.1}{\376\377\127\372\147\054\177\244}{}% 1
\BOOKMARK [1][-]{section.2}{\376\377\000V\000K\133\232\164\006}{}% 2
\BOOKMARK [2][-]{subsection.2.1}{\376\377\136\177\177\244\377\010\177\244\200\332\377\011\377\032\000G\000r\000o\000u\000p\000o\000i\000d}{section.2}% 3
\BOOKMARK [2][-]{subsection.2.2}{\376\377\000V\000K\133\232\164\006\166\204\121\205\133\271}{section.2}% 4
\BOOKMARK [2][-]{subsection.2.3}{\376\377\000V\000K\133\232\164\006\000\040\177\244\162\110\147\054\166\204\213\301\146\016}{section.2}% 5
\BOOKMARK [1][-]{section.3}{\376\377\211\206\123\340\172\172\225\364}{}% 6
\BOOKMARK [2][-]{subsection.3.1}{\376\377\211\206\123\340\172\172\225\364\166\204\133\232\116\111}{section.3}% 7
\BOOKMARK [2][-]{subsection.3.2}{\376\377\220\123\215\357\143\320\123\107\125\057\116\000\133\232\164\006}{section.3}% 8
\BOOKMARK [2][-]{subsection.3.3}{\376\377\136\177\177\244\166\204\211\206\123\340}{section.3}% 9
\BOOKMARK [2][-]{subsection.3.4}{\376\377\177\244\117\134\165\050\124\214\217\150\220\123\203\003\165\164}{section.3}% 10
\BOOKMARK [2][-]{subsection.3.5}{\376\377\136\177\177\244\211\206\123\340\166\204\122\006\174\173\133\232\164\006}{section.3}% 11
\BOOKMARK [2][-]{subsection.3.6}{\376\377\136\177\177\244\211\206\123\340\166\204\147\204\220\040}{section.3}% 12
\BOOKMARK [2][-]{subsection.3.7}{\376\377\211\206\123\340\172\172\225\364\166\204\122\006\174\173\133\232\164\006}{section.3}% 13
\BOOKMARK [2][-]{subsection.3.8}{\376\377\211\206\123\340\172\172\225\364\166\204\147\204\220\040}{section.3}% 14
\BOOKMARK [1][-]{section.4}{\376\377\126\376}{}% 15
\BOOKMARK [1][-]{section.5}{\376\377\175\047\201\364\165\037\142\020\172\172\225\364\040\024\040\024\000C\000G\000W\000H\172\172\225\364}{}% 16
\BOOKMARK [2][-]{subsection.5.1}{\376\377\175\047\201\364\165\037\142\020\172\172\225\364\166\204\133\232\116\111}{section.5}% 17
\BOOKMARK [2][-]{subsection.5.2}{\376\377\175\047\201\364\165\037\142\020\172\172\225\364\203\003\165\164}{section.5}% 18
\BOOKMARK [1][-]{section.6}{\376\377\116\012\176\244\176\364}{}% 19
\BOOKMARK [2][-]{subsection.6.1}{\376\377\116\012\176\244\176\364\166\204\133\232\116\111}{section.6}% 20
\BOOKMARK [2][-]{subsection.6.2}{\376\377\146\040\134\004\147\361}{section.6}% 21
\BOOKMARK [2][-]{subsection.6.3}{\376\377\116\012\176\244\176\364\166\204\146\377\143\142\140\047}{section.6}% 22
\BOOKMARK [2][-]{subsection.6.4}{\376\377\122\044\133\232\121\306\122\031}{section.6}% 23
\BOOKMARK [2][-]{subsection.6.5}{\376\377\116\012\176\244\176\364\124\014\117\046\173\111\116\367}{section.6}% 24
\BOOKMARK [2][-]{subsection.6.6}{\376\377\116\140\230\230}{section.6}% 25
\BOOKMARK [1][-]{section.7}{\376\377\176\244\176\364}{}% 26
\BOOKMARK [2][-]{subsection.7.1}{\376\377\176\244\176\364\166\204\133\232\116\111}{section.7}% 27
\BOOKMARK [2][-]{subsection.7.2}{\376\377\176\244\176\364\122\044\133\232\121\306\122\031}{section.7}% 28
\BOOKMARK [2][-]{subsection.7.3}{\376\377\176\244\176\364\124\014\117\046\173\111\116\367}{section.7}% 29
\BOOKMARK [2][-]{subsection.7.4}{\376\377\176\244\176\364\123\330\143\142}{section.7}% 30
\BOOKMARK [1][-]{section.8}{\376\377\136\046\127\372\160\271\116\012\176\244\176\364\124\214\176\244\176\364\166\204\153\143\124\010\122\027}{}% 31
\BOOKMARK [2][-]{subsection.8.1}{\376\377\136\046\127\372\160\271\166\204\124\014\117\046\146\040\134\004\174\173}{section.8}% 32
\BOOKMARK [2][-]{subsection.8.2}{\376\377\000C\000o\000n\000e\116\016\000S\000u\000s\000p\000e\000n\000s\000i\000o\000n}{section.8}% 33
\BOOKMARK [2][-]{subsection.8.3}{\376\377\136\046\127\372\160\271\116\012\176\244\176\364}{section.8}% 34
\BOOKMARK [2][-]{subsection.8.4}{\376\377\116\012\176\244\176\364\153\143\124\010\122\027}{section.8}% 35
\BOOKMARK [2][-]{subsection.8.5}{\376\377\136\046\127\372\160\271\176\244\176\364}{section.8}% 36
\BOOKMARK [2][-]{subsection.8.6}{\376\377\176\244\176\364\153\143\124\010\122\027}{section.8}% 37
\BOOKMARK [1][-]{section.9}{\376\377\124\014\214\003\116\343\145\160\127\372\170\100\000\050\0001\000\051}{}% 38
\BOOKMARK [2][-]{subsection.9.1}{\376\377\137\040\221\317\171\357\116\016\224\376\131\015\137\142\124\014\117\046}{section.9}% 39
\BOOKMARK [2][-]{subsection.9.2}{\376\377\206\307\137\142\137\025\164\006}{section.9}% 40
\BOOKMARK [1][-]{section.10}{\376\377\124\014\214\003\121\154\164\006\116\016\200\336\201\124\124\014\214\003}{}% 41
\BOOKMARK [2][-]{subsection.10.1}{\376\377\124\014\214\003\121\154\164\006}{section.10}% 42
\BOOKMARK [2][-]{subsection.10.2}{\376\377\200\336\201\124\124\014\214\003}{section.10}% 43
\BOOKMARK [3][-]{subsubsection.10.2.1}{\376\377\147\204\220\040}{subsection.10.2}% 44
\BOOKMARK [3][-]{subsubsection.10.2.2}{\376\377\232\214\213\301\146\057\224\376\131\015\137\142}{subsection.10.2}% 45
\BOOKMARK [3][-]{subsubsection.10.2.3}{\376\377\232\214\213\301\124\014\214\003\121\154\164\006}{subsection.10.2}% 46
\BOOKMARK [3][-]{subsubsection.10.2.4}{\376\377\116\130\171\357\172\172\225\364\166\204\224\376\131\015\137\142}{subsection.10.2}% 47
\BOOKMARK [2][-]{subsection.10.3}{\376\377\116\000\116\233\117\213\133\120}{section.10}% 48
\BOOKMARK [1][-]{section.11}{\376\377\124\014\214\003\121\154\164\006\166\204\202\345\136\162\143\250\213\272}{}% 49
\BOOKMARK [2][-]{subsection.11.1}{\376\377\176\246\123\026\124\014\214\003}{section.11}% 50
\BOOKMARK [2][-]{subsection.11.2}{\376\377\116\012\176\244\176\364\124\214\172\172\225\364\133\371\166\204\124\014\214\003}{section.11}% 51
\BOOKMARK [2][-]{subsection.11.3}{\376\377\000S\000u\000s\000p\000e\000n\000s\000i\000o\000n\124\214\225\177\153\143\124\010\122\027}{section.11}% 52
\BOOKMARK [2][-]{subsection.11.4}{\376\377\000M\000V\136\217\122\027}{section.11}% 53
\BOOKMARK [1][-]{section.12}{\376\377\000H\000u\000r\000e\000w\000i\000c\000z\133\232\164\006\124\214\125\057\116\000\140\047\133\232\164\006}{}% 54
\BOOKMARK [1][-]{section.13}{\376\377\131\107\137\002\124\014\214\003}{}% 55
\BOOKMARK [2][-]{subsection.13.1}{\376\377\131\107\137\002\224\376\131\015\137\142}{section.13}% 56
\BOOKMARK [2][-]{subsection.13.2}{\376\377\121\340\117\125\133\236\163\260}{section.13}% 57
\BOOKMARK [2][-]{subsection.13.3}{\376\377\123\125\176\257\203\003\165\164\124\214\121\340\117\125\133\236\163\260}{section.13}% 58
\BOOKMARK [2][-]{subsection.13.4}{\376\377\122\006\174\173\172\172\225\364\124\214\000E\000i\000l\000e\000n\000b\000e\000r\000g\000-\000M\000a\000c\000L\000a\000n\000e\172\172\225\364}{section.13}% 59
\BOOKMARK [1][-]{section.14}{\376\377\000P\000o\000i\000n\000c\000a\000r\000e\133\371\120\166\133\232\164\006}{}% 60
\BOOKMARK [2][-]{subsection.14.1}{\376\377\122\115\177\156\167\345\213\306}{section.14}% 61
\BOOKMARK [3][-]{subsubsection.14.1.1}{\376\377\136\075\171\357\000\050\000c\000a\000p\000\040\000p\000r\000o\000d\000u\000c\000t\000\051}{subsection.14.1}% 62
\BOOKMARK [3][-]{subsubsection.14.1.2}{\376\377\133\232\124\021\124\214\127\372\147\054\174\173}{subsection.14.1}% 63
\BOOKMARK [3][-]{subsubsection.14.1.3}{\376\377\155\210\131\061\133\232\164\006\166\204\213\301\146\016}{subsection.14.1}% 64
\BOOKMARK [2][-]{subsection.14.2}{\376\377\000P\000o\000i\000n\000c\000a\000r\000e\133\371\120\166\133\232\164\006}{section.14}% 65
\BOOKMARK [2][-]{subsection.14.3}{\376\377\116\000\116\233\136\224\165\050}{section.14}% 66
\BOOKMARK [3][-]{subsubsection.14.3.1}{\376\377\145\271\124\021\211\206\166\326}{subsection.14.3}% 67
\BOOKMARK [3][-]{subsubsection.14.3.2}{\376\377\116\000\116\233\143\250\213\272}{subsection.14.3}% 68
