\BOOKMARK [1][-]{section.1}{\376\377\226\306\124\010\213\272\116\016\220\073\217\221}{}% 1
\BOOKMARK [2][-]{subsection.1.1}{\376\377\226\306\124\010\166\204\127\372\170\100\151\202\137\365}{section.1}% 2
\BOOKMARK [2][-]{subsection.1.2}{\376\377\121\375\145\160}{section.1}% 3
\BOOKMARK [2][-]{subsection.1.3}{\376\377\121\163\174\373}{section.1}% 4
\BOOKMARK [2][-]{subsection.1.4}{\376\377\145\164\145\160\116\016\133\236\145\160}{section.1}% 5
\BOOKMARK [2][-]{subsection.1.5}{\376\377\173\033\123\141\134\024\171\357}{section.1}% 6
\BOOKMARK [2][-]{subsection.1.6}{\376\377\147\011\226\120\226\306}{section.1}% 7
\BOOKMARK [2][-]{subsection.1.7}{\376\377\123\357\145\160\226\306\124\214\116\015\123\357\145\160\226\306}{section.1}% 8
\BOOKMARK [2][-]{subsection.1.8}{\376\377\145\340\226\120\226\306\124\010\116\016\220\011\142\351\121\154\164\006}{section.1}% 9
\BOOKMARK [2][-]{subsection.1.9}{\376\377\202\157\136\217\226\306}{section.1}% 10
\BOOKMARK [1][-]{section.2}{\376\377\142\323\142\121\172\172\225\364}{}% 11
\BOOKMARK [2][-]{subsection.2.1}{\376\377\142\323\142\121\172\172\225\364\166\204\127\372\147\054\151\202\137\365}{section.2}% 12
\BOOKMARK [2][-]{subsection.2.2}{\376\377\142\323\142\121\127\372}{section.2}% 13
\BOOKMARK [3][-]{subsubsection.2.2.1}{\376\377\142\323\142\121\127\372}{subsection.2.2}% 14
\BOOKMARK [3][-]{subsubsection.2.2.2}{\376\377\133\120\127\372\000,\230\206\127\337\127\372}{subsection.2.2}% 15
\BOOKMARK [3][-]{subsubsection.2.2.3}{\376\377\142\323\142\121\172\172\225\364\166\204\123\357\145\160\140\047}{subsection.2.2}% 16
\BOOKMARK [2][-]{subsection.2.3}{\376\377\177\121}{section.2}% 17
\BOOKMARK [1][-]{section.3}{\376\377\175\047\172\172\225\364}{}% 18
\BOOKMARK [1][-]{section.4}{\376\377\000H\000a\000u\000s\000d\000o\000r\000f\000f\172\172\225\364}{}% 19
\BOOKMARK [2][-]{subsection.4.1}{\376\377\000H\000a\000u\000s\000d\000o\000r\000f\000f\172\172\225\364\166\204\127\372\147\054\151\202\137\365\124\214\202\345\136\162\140\047\215\050}{section.4}% 20
\BOOKMARK [2][-]{subsection.4.2}{\376\377\122\006\171\273\140\047\215\050}{section.4}% 21
\BOOKMARK [1][-]{section.5}{\376\377\116\130\171\357\172\172\225\364\124\214\125\106\172\172\225\364}{}% 22
\BOOKMARK [2][-]{subsection.5.1}{\376\377\116\130\171\357\172\172\225\364}{section.5}% 23
\BOOKMARK [3][-]{subsubsection.5.1.1}{\376\377\116\130\171\357\172\172\225\364\116\016\122\006\171\273\140\047\215\050}{subsection.5.1}% 24
\BOOKMARK [3][-]{subsubsection.5.1.2}{\376\377\116\130\171\357\172\172\225\364\116\016\123\357\145\160\140\047\215\050}{subsection.5.1}% 25
\BOOKMARK [3][-]{subsubsection.5.1.3}{\376\377\116\130\171\357\172\172\225\364\116\016\175\047\140\047\215\050}{subsection.5.1}% 26
\BOOKMARK [2][-]{subsection.5.2}{\376\377\116\000\202\054\116\130\171\357\172\172\225\364}{section.5}% 27
\BOOKMARK [2][-]{subsection.5.3}{\376\377\125\106\172\172\225\364}{section.5}% 28
\BOOKMARK [3][-]{subsubsection.5.3.1}{\376\377\125\106\172\172\225\364\116\016\125\106\146\040\134\004}{subsection.5.3}% 29
\BOOKMARK [3][-]{subsubsection.5.3.2}{\376\377\142\323\142\121\140\047\215\050\166\204\220\127\117\040}{subsection.5.3}% 30
\BOOKMARK [1][-]{section.6}{\376\377\000U\000r\000y\000s\000o\000h\000n\137\025\164\006\124\214\136\246\221\317\123\026\133\232\164\006}{}% 31
\BOOKMARK [2][-]{subsection.6.1}{\376\377\000U\000r\000y\000s\000o\000h\000n\137\025\164\006}{section.6}% 32
\BOOKMARK [3][-]{subsubsection.6.1.1}{\376\377\000U\000r\000y\000s\000o\000h\000n\137\025\164\006}{subsection.6.1}% 33
\BOOKMARK [3][-]{subsubsection.6.1.2}{\376\377\000H\000a\000h\000n\000-\000T\000o\000n\000g\143\322\121\145\133\232\164\006}{subsection.6.1}% 34
\BOOKMARK [2][-]{subsection.6.2}{\376\377\000U\000r\000y\000s\000o\000h\000n\136\246\221\317\123\026\133\232\164\006}{section.6}% 35
